npm warn ERESOLVE overriding peer dependency
npm error code ERESOLVE
npm error ERESOLVE could not resolve
npm error
npm error While resolving: react-native@0.85.3
npm error Found: @types/react@18.3.12
npm error node_modules/@types/react
npm error   peerOptional @types/react@"^19.2.0" from @react-native/virtualized-lists@0.85.3
npm error   node_modules/react-native/node_modules/@react-native/virtualized-lists
npm error     @react-native/virtualized-lists@"0.85.3" from react-native@0.85.3
npm error     node_modules/react-native
npm error       peer react-native@">=0.65.0" from @sentry/react-native@8.11.1
npm error       node_modules/@sentry/react-native
npm error         @sentry/react-native@"*" from the root project
npm error       1 more (@react-native/virtualized-lists)
npm error
npm error Could not resolve dependency:
npm error peerOptional @types/react@"^19.1.1" from react-native@0.85.3
npm error node_modules/react-native
npm error   peer react-native@">=0.65.0" from @sentry/react-native@8.11.1
npm error   node_modules/@sentry/react-native
npm error     @sentry/react-native@"*" from the root project
npm error   peer react-native@"0.85.3" from @react-native/virtualized-lists@0.85.3
npm error
npm error Conflicting peer dependency: @types/react@19.2.14
npm error node_modules/@types/react
npm error   peerOptional @types/react@"^19.1.1" from react-native@0.85.3
npm error   node_modules/react-native
npm error     peer react-native@">=0.65.0" from @sentry/react-native@8.11.1
npm error     node_modules/@sentry/react-native
npm error       @sentry/react-native@"*" from the root project
npm error     peer react-native@"0.85.3" from @react-native/virtualized-lists@0.85.3
npm error
npm error Fix the upstream dependency conflict, or retry this command with --force or --legacy-peer-deps to accept an incorrect (and potentially broken) dependency resolution.
npm error
npm error
npm error For a full report see:
npm error C:\Users\aldem\AppData\Local\npm-cache\_logs\2026-05-17T02_13_24_198Z-eresolve-report.txt
npm error A complete log of this run can be found in: C:\Users\aldem\AppData\Local\npm-cache\_logs\2026-05-17T02_13_24_198Z-debug-0.log
